[debug] [2025-02-28T03:38:13.534Z] ----------------------------------------------------------------------
[debug] [2025-02-28T03:38:13.535Z] Command:       C:\Program Files\nodejs\node.exe C:\Users\rampr\AppData\Roaming\npm\node_modules\firebase-tools\lib\bin\firebase.js emulators:start
[debug] [2025-02-28T03:38:13.535Z] CLI Version:   13.32.0
[debug] [2025-02-28T03:38:13.536Z] Platform:      win32
[debug] [2025-02-28T03:38:13.536Z] Node Version:  v22.13.1
[debug] [2025-02-28T03:38:13.536Z] Time:          Fri Feb 28 2025 09:08:13 GMT+0530 (India Standard Time)
[debug] [2025-02-28T03:38:13.536Z] ----------------------------------------------------------------------
[debug] 
[debug] [2025-02-28T03:38:13.666Z] > command requires scopes: ["email","openid","https://www.googleapis.com/auth/cloudplatformprojects.readonly","https://www.googleapis.com/auth/firebase","https://www.googleapis.com/auth/cloud-platform"]
[debug] [2025-02-28T03:38:13.667Z] > authorizing via signed-in user (taseeniqbal.ti@gmail.com)
[debug] [2025-02-28T03:38:13.775Z] openjdk version "21.0.5" 2024-10-15 LTS
OpenJDK Runtime Environment Temurin-21.0.5+11 (build 21.0.5+11-LTS)
OpenJDK 64-Bit Server VM Temurin-21.0.5+11 (build 21.0.5+11-LTS, mixed mode, sharing)

[debug] [2025-02-28T03:38:13.804Z] Parsed Java major version: 21
[info] i  emulators: Starting emulators: firestore {"metadata":{"emulator":{"name":"hub"},"message":"Starting emulators: firestore"}}
[debug] [2025-02-28T03:38:13.811Z] [logging] Logging Emulator only supports listening on one address (127.0.0.1). Not listening on ::1
[debug] [2025-02-28T03:38:13.811Z] [firestore] Firestore Emulator only supports listening on one address (127.0.0.1). Not listening on ::1
[debug] [2025-02-28T03:38:13.811Z] [firestore.websocket] websocket server for firestore only supports listening on one address (127.0.0.1). Not listening on ::1
[debug] [2025-02-28T03:38:13.811Z] assigned listening specs for emulators {"user":{"hub":[{"address":"127.0.0.1","family":"IPv4","port":4400},{"address":"::1","family":"IPv6","port":4400}],"ui":[{"address":"127.0.0.1","family":"IPv4","port":4000},{"address":"::1","family":"IPv6","port":4000}],"logging":[{"address":"127.0.0.1","family":"IPv4","port":4500}],"firestore":[{"address":"127.0.0.1","family":"IPv4","port":8080}],"firestore.websocket":[{"address":"127.0.0.1","family":"IPv4","port":9150}]},"metadata":{"message":"assigned listening specs for emulators"}}
[debug] [2025-02-28T03:38:13.815Z] [hub] writing locator at C:\Users\rampr\AppData\Local\Temp\hub-bajaj-hackathon-5d81a.json
[info] i  firestore: downloading cloud-firestore-emulator-v1.19.8.jar... {"metadata":{"emulator":{"name":"firestore"},"message":"downloading cloud-firestore-emulator-v1.19.8.jar..."}}
[debug] [2025-02-28T03:38:13.824Z] >>> [apiv2][query] GET https://storage.googleapis.com/firebase-preview-drop/emulator/cloud-firestore-emulator-v1.19.8.jar 
[debug] [2025-02-28T03:38:14.623Z] <<< [apiv2][status] GET https://storage.googleapis.com/firebase-preview-drop/emulator/cloud-firestore-emulator-v1.19.8.jar 200
[debug] [2025-02-28T03:38:14.623Z] <<< [apiv2][body] GET https://storage.googleapis.com/firebase-preview-drop/emulator/cloud-firestore-emulator-v1.19.8.jar [stream]
[debug] [2025-02-28T03:38:19.783Z] Ignoring unsupported arg: auto_download {"metadata":{"emulator":{"name":"firestore"},"message":"Ignoring unsupported arg: auto_download"}}
[debug] [2025-02-28T03:38:19.784Z] Ignoring unsupported arg: single_project_mode_error {"metadata":{"emulator":{"name":"firestore"},"message":"Ignoring unsupported arg: single_project_mode_error"}}
[debug] [2025-02-28T03:38:19.784Z] Starting Firestore Emulator with command {"binary":"java","args":["-Dgoogle.cloud_firestore.debug_log_level=FINE","-Duser.language=en","-jar","C:\\Users\\rampr\\.cache\\firebase\\emulators\\cloud-firestore-emulator-v1.19.8.jar","--host","127.0.0.1","--port",8080,"--websocket_port",9150,"--project_id","bajaj-hackathon-5d81a","--rules","C:\\Users\\rampr\\OneDrive\\Desktop\\ASUS TUF FX505DT Files\\Coding\\Projects\\augrhythm\\firestore.rules","--single_project_mode",true],"optionalArgs":["port","webchannel_port","host","rules","websocket_port","functions_emulator","seed_from_export","project_id","single_project_mode"],"joinArgs":false,"shell":false,"port":8080} {"metadata":{"emulator":{"name":"firestore"},"message":"Starting Firestore Emulator with command {\"binary\":\"java\",\"args\":[\"-Dgoogle.cloud_firestore.debug_log_level=FINE\",\"-Duser.language=en\",\"-jar\",\"C:\\\\Users\\\\rampr\\\\.cache\\\\firebase\\\\emulators\\\\cloud-firestore-emulator-v1.19.8.jar\",\"--host\",\"127.0.0.1\",\"--port\",8080,\"--websocket_port\",9150,\"--project_id\",\"bajaj-hackathon-5d81a\",\"--rules\",\"C:\\\\Users\\\\rampr\\\\OneDrive\\\\Desktop\\\\ASUS TUF FX505DT Files\\\\Coding\\\\Projects\\\\augrhythm\\\\firestore.rules\",\"--single_project_mode\",true],\"optionalArgs\":[\"port\",\"webchannel_port\",\"host\",\"rules\",\"websocket_port\",\"functions_emulator\",\"seed_from_export\",\"project_id\",\"single_project_mode\"],\"joinArgs\":false,\"shell\":false,\"port\":8080}"}}
[info] i  firestore: Firestore Emulator logging to firestore-debug.log {"metadata":{"emulator":{"name":"firestore"},"message":"Firestore Emulator logging to \u001b[1mfirestore-debug.log\u001b[22m"}}
[debug] [2025-02-28T03:38:20.634Z] Feb 28, 2025 9:08:20 AM com.google.cloud.datastore.emulator.firestore.websocket.WebSocketServer start
INFO: Started WebSocket server on ws://127.0.0.1:9150
 {"metadata":{"emulator":{"name":"firestore"},"message":"Feb 28, 2025 9:08:20 AM com.google.cloud.datastore.emulator.firestore.websocket.WebSocketServer start\r\nINFO: Started WebSocket server on ws://127.0.0.1:9150\r\n"}}
[debug] [2025-02-28T03:38:20.688Z] API endpoint: http:// {"metadata":{"emulator":{"name":"firestore"},"message":"API endpoint: http://"}}
[debug] [2025-02-28T03:38:20.688Z] 127.0.0.1:8080
If you are using a library that supports the FIRESTORE_EMULATOR_HOST environment variable, run:

   export FIRESTORE_EMULATOR_HOST=127.0.0.1:8080

If you are running a Firestore in Datastore Mode project, run:

   export DATASTORE_EMULATOR_HOST=127.0.0.1:8080

Note: Support for Datastore Mode is in preview. If you encounter any bugs please file at https://github.com/firebase/firebase-tools/issues.
Dev App Server is now running.

 {"metadata":{"emulator":{"name":"firestore"},"message":"127.0.0.1:8080\nIf you are using a library that supports the FIRESTORE_EMULATOR_HOST environment variable, run:\r\n\n   export FIRESTORE_EMULATOR_HOST=127.0.0.1:8080\n\nIf you are running a Firestore in Datastore Mode project, run:\r\n\n   export DATASTORE_EMULATOR_HOST=127.0.0.1:8080\n\nNote: Support for Datastore Mode is in preview. If you encounter any bugs please file at https://github.com/firebase/firebase-tools/issues.\r\nDev App Server is now running.\n\r\n"}}
[info] +  firestore: Firestore Emulator UI websocket is running on 9150. {"metadata":{"emulator":{"name":"firestore"},"message":"Firestore Emulator UI websocket is running on 9150."}}
[info] i  ui: downloading ui-v1.14.0.zip... {"metadata":{"emulator":{"name":"ui"},"message":"downloading ui-v1.14.0.zip..."}}
[debug] [2025-02-28T03:38:20.817Z] >>> [apiv2][query] GET https://storage.googleapis.com/firebase-preview-drop/emulator/ui-v1.14.0.zip 
[debug] [2025-02-28T03:38:21.047Z] <<< [apiv2][status] GET https://storage.googleapis.com/firebase-preview-drop/emulator/ui-v1.14.0.zip 200
[debug] [2025-02-28T03:38:21.047Z] <<< [apiv2][body] GET https://storage.googleapis.com/firebase-preview-drop/emulator/ui-v1.14.0.zip [stream]
[debug] [2025-02-28T03:38:21.234Z] Data is 3615311
[debug] [2025-02-28T03:38:21.235Z] [unzip] Entry: client/ (compressed_size=0 bytes, uncompressed_size=0 bytes)
[debug] [2025-02-28T03:38:21.235Z] [unzip] Processing entry: client\
[debug] [2025-02-28T03:38:21.235Z] [unzip] mkdir: C:\Users\rampr\.cache\firebase\emulators\ui-v1.14.0\client\
[debug] [2025-02-28T03:38:21.236Z] [unzip] Entry: client/favicon-16x16.png (compressed_size=293 bytes, uncompressed_size=293 bytes)
[debug] [2025-02-28T03:38:21.236Z] [unzip] Processing entry: client\favicon-16x16.png
[debug] [2025-02-28T03:38:21.236Z] [unzip] else mkdir: C:\Users\rampr\.cache\firebase\emulators\ui-v1.14.0\client
[debug] [2025-02-28T03:38:21.236Z] [unzip] Writing file: C:\Users\rampr\.cache\firebase\emulators\ui-v1.14.0\client\favicon-16x16.png
[debug] [2025-02-28T03:38:21.237Z] [unzip] Entry: client/safari-pinned-tab.svg (compressed_size=1433 bytes, uncompressed_size=2611 bytes)
[debug] [2025-02-28T03:38:21.237Z] [unzip] Processing entry: client\safari-pinned-tab.svg
[debug] [2025-02-28T03:38:21.237Z] [unzip] else mkdir: C:\Users\rampr\.cache\firebase\emulators\ui-v1.14.0\client
[debug] [2025-02-28T03:38:21.237Z] [unzip] deflating: C:\Users\rampr\.cache\firebase\emulators\ui-v1.14.0\client\safari-pinned-tab.svg
[debug] [2025-02-28T03:38:21.244Z] [unzip] Entry: client/favicon.ico (compressed_size=2933 bytes, uncompressed_size=13294 bytes)
[debug] [2025-02-28T03:38:21.244Z] [unzip] Processing entry: client\favicon.ico
[debug] [2025-02-28T03:38:21.244Z] [unzip] else mkdir: C:\Users\rampr\.cache\firebase\emulators\ui-v1.14.0\client
[debug] [2025-02-28T03:38:21.244Z] [unzip] deflating: C:\Users\rampr\.cache\firebase\emulators\ui-v1.14.0\client\favicon.ico
[debug] [2025-02-28T03:38:21.245Z] [unzip] Entry: client/index.html (compressed_size=1363 bytes, uncompressed_size=3071 bytes)
[debug] [2025-02-28T03:38:21.246Z] [unzip] Processing entry: client\index.html
[debug] [2025-02-28T03:38:21.246Z] [unzip] else mkdir: C:\Users\rampr\.cache\firebase\emulators\ui-v1.14.0\client
[debug] [2025-02-28T03:38:21.246Z] [unzip] deflating: C:\Users\rampr\.cache\firebase\emulators\ui-v1.14.0\client\index.html
[debug] [2025-02-28T03:38:21.247Z] [unzip] Entry: client/android-chrome-192x192.png (compressed_size=2684 bytes, uncompressed_size=2684 bytes)
[debug] [2025-02-28T03:38:21.247Z] [unzip] Processing entry: client\android-chrome-192x192.png
[debug] [2025-02-28T03:38:21.247Z] [unzip] else mkdir: C:\Users\rampr\.cache\firebase\emulators\ui-v1.14.0\client
[debug] [2025-02-28T03:38:21.247Z] [unzip] Writing file: C:\Users\rampr\.cache\firebase\emulators\ui-v1.14.0\client\android-chrome-192x192.png
[debug] [2025-02-28T03:38:21.248Z] [unzip] Entry: client/apple-touch-icon.png (compressed_size=2123 bytes, uncompressed_size=2152 bytes)
[debug] [2025-02-28T03:38:21.248Z] [unzip] Processing entry: client\apple-touch-icon.png
[debug] [2025-02-28T03:38:21.248Z] [unzip] else mkdir: C:\Users\rampr\.cache\firebase\emulators\ui-v1.14.0\client
[debug] [2025-02-28T03:38:21.248Z] [unzip] deflating: C:\Users\rampr\.cache\firebase\emulators\ui-v1.14.0\client\apple-touch-icon.png
[debug] [2025-02-28T03:38:21.249Z] [unzip] Entry: client/android-chrome-512x512.png (compressed_size=5369 bytes, uncompressed_size=5411 bytes)
[debug] [2025-02-28T03:38:21.249Z] [unzip] Processing entry: client\android-chrome-512x512.png
[debug] [2025-02-28T03:38:21.249Z] [unzip] else mkdir: C:\Users\rampr\.cache\firebase\emulators\ui-v1.14.0\client
[debug] [2025-02-28T03:38:21.249Z] [unzip] deflating: C:\Users\rampr\.cache\firebase\emulators\ui-v1.14.0\client\android-chrome-512x512.png
[debug] [2025-02-28T03:38:21.250Z] [unzip] Entry: client/manifest.json (compressed_size=245 bytes, uncompressed_size=551 bytes)
[debug] [2025-02-28T03:38:21.250Z] [unzip] Processing entry: client\manifest.json
[debug] [2025-02-28T03:38:21.250Z] [unzip] else mkdir: C:\Users\rampr\.cache\firebase\emulators\ui-v1.14.0\client
[debug] [2025-02-28T03:38:21.250Z] [unzip] deflating: C:\Users\rampr\.cache\firebase\emulators\ui-v1.14.0\client\manifest.json
[debug] [2025-02-28T03:38:21.250Z] [unzip] Entry: client/robots.txt (compressed_size=26 bytes, uncompressed_size=26 bytes)
[debug] [2025-02-28T03:38:21.250Z] [unzip] Processing entry: client\robots.txt
[debug] [2025-02-28T03:38:21.251Z] [unzip] else mkdir: C:\Users\rampr\.cache\firebase\emulators\ui-v1.14.0\client
[debug] [2025-02-28T03:38:21.251Z] [unzip] Writing file: C:\Users\rampr\.cache\firebase\emulators\ui-v1.14.0\client\robots.txt
[debug] [2025-02-28T03:38:21.251Z] [unzip] Entry: client/mstile-150x150.png (compressed_size=2034 bytes, uncompressed_size=2034 bytes)
[debug] [2025-02-28T03:38:21.251Z] [unzip] Processing entry: client\mstile-150x150.png
[debug] [2025-02-28T03:38:21.251Z] [unzip] else mkdir: C:\Users\rampr\.cache\firebase\emulators\ui-v1.14.0\client
[debug] [2025-02-28T03:38:21.252Z] [unzip] Writing file: C:\Users\rampr\.cache\firebase\emulators\ui-v1.14.0\client\mstile-150x150.png
[debug] [2025-02-28T03:38:21.252Z] [unzip] Entry: client/assets/ (compressed_size=0 bytes, uncompressed_size=0 bytes)
[debug] [2025-02-28T03:38:21.252Z] [unzip] Processing entry: client\assets\
[debug] [2025-02-28T03:38:21.252Z] [unzip] mkdir: C:\Users\rampr\.cache\firebase\emulators\ui-v1.14.0\client\assets\
[debug] [2025-02-28T03:38:21.253Z] [unzip] Entry: client/assets/index-ClZTY_JS.js.map (compressed_size=2328270 bytes, uncompressed_size=9947004 bytes)
[debug] [2025-02-28T03:38:21.253Z] [unzip] Processing entry: client\assets\index-ClZTY_JS.js.map
[debug] [2025-02-28T03:38:21.253Z] [unzip] else mkdir: C:\Users\rampr\.cache\firebase\emulators\ui-v1.14.0\client\assets
[debug] [2025-02-28T03:38:21.253Z] [unzip] deflating: C:\Users\rampr\.cache\firebase\emulators\ui-v1.14.0\client\assets\index-ClZTY_JS.js.map
[debug] [2025-02-28T03:38:21.290Z] [unzip] Entry: client/assets/index-ClZTY_JS.js (compressed_size=567195 bytes, uncompressed_size=2035940 bytes)
[debug] [2025-02-28T03:38:21.290Z] [unzip] Processing entry: client\assets\index-ClZTY_JS.js
[debug] [2025-02-28T03:38:21.290Z] [unzip] else mkdir: C:\Users\rampr\.cache\firebase\emulators\ui-v1.14.0\client\assets
[debug] [2025-02-28T03:38:21.291Z] [unzip] deflating: C:\Users\rampr\.cache\firebase\emulators\ui-v1.14.0\client\assets\index-ClZTY_JS.js
[debug] [2025-02-28T03:38:21.297Z] [unzip] Entry: client/assets/index-BdgySamB.css (compressed_size=35979 bytes, uncompressed_size=298654 bytes)
[debug] [2025-02-28T03:38:21.298Z] [unzip] Processing entry: client\assets\index-BdgySamB.css
[debug] [2025-02-28T03:38:21.298Z] [unzip] else mkdir: C:\Users\rampr\.cache\firebase\emulators\ui-v1.14.0\client\assets
[debug] [2025-02-28T03:38:21.298Z] [unzip] deflating: C:\Users\rampr\.cache\firebase\emulators\ui-v1.14.0\client\assets\index-BdgySamB.css
[debug] [2025-02-28T03:38:21.299Z] [unzip] Entry: client/assets/extensions/ (compressed_size=0 bytes, uncompressed_size=0 bytes)
[debug] [2025-02-28T03:38:21.299Z] [unzip] Processing entry: client\assets\extensions\
[debug] [2025-02-28T03:38:21.299Z] [unzip] mkdir: C:\Users\rampr\.cache\firebase\emulators\ui-v1.14.0\client\assets\extensions\
[debug] [2025-02-28T03:38:21.299Z] [unzip] Entry: client/assets/extensions/default-extension.png (compressed_size=1646 bytes, uncompressed_size=1657 bytes)
[debug] [2025-02-28T03:38:21.299Z] [unzip] Processing entry: client\assets\extensions\default-extension.png
[debug] [2025-02-28T03:38:21.299Z] [unzip] else mkdir: C:\Users\rampr\.cache\firebase\emulators\ui-v1.14.0\client\assets\extensions
[debug] [2025-02-28T03:38:21.300Z] [unzip] deflating: C:\Users\rampr\.cache\firebase\emulators\ui-v1.14.0\client\assets\extensions\default-extension.png
[debug] [2025-02-28T03:38:21.300Z] [unzip] Entry: client/assets/img/ (compressed_size=0 bytes, uncompressed_size=0 bytes)
[debug] [2025-02-28T03:38:21.300Z] [unzip] Processing entry: client\assets\img\
[debug] [2025-02-28T03:38:21.300Z] [unzip] mkdir: C:\Users\rampr\.cache\firebase\emulators\ui-v1.14.0\client\assets\img\
[debug] [2025-02-28T03:38:21.300Z] [unzip] Entry: client/assets/img/database.png (compressed_size=29449 bytes, uncompressed_size=29988 bytes)
[debug] [2025-02-28T03:38:21.300Z] [unzip] Processing entry: client\assets\img\database.png
[debug] [2025-02-28T03:38:21.300Z] [unzip] else mkdir: C:\Users\rampr\.cache\firebase\emulators\ui-v1.14.0\client\assets\img
[debug] [2025-02-28T03:38:21.300Z] [unzip] deflating: C:\Users\rampr\.cache\firebase\emulators\ui-v1.14.0\client\assets\img\database.png
[debug] [2025-02-28T03:38:21.301Z] [unzip] Entry: client/assets/provider-icons/ (compressed_size=0 bytes, uncompressed_size=0 bytes)
[debug] [2025-02-28T03:38:21.301Z] [unzip] Processing entry: client\assets\provider-icons\
[debug] [2025-02-28T03:38:21.301Z] [unzip] mkdir: C:\Users\rampr\.cache\firebase\emulators\ui-v1.14.0\client\assets\provider-icons\
[debug] [2025-02-28T03:38:21.301Z] [unzip] Entry: client/assets/provider-icons/auth_service_saml.svg (compressed_size=575 bytes, uncompressed_size=1226 bytes)
[debug] [2025-02-28T03:38:21.301Z] [unzip] Processing entry: client\assets\provider-icons\auth_service_saml.svg
[debug] [2025-02-28T03:38:21.301Z] [unzip] else mkdir: C:\Users\rampr\.cache\firebase\emulators\ui-v1.14.0\client\assets\provider-icons
[debug] [2025-02-28T03:38:21.301Z] [unzip] deflating: C:\Users\rampr\.cache\firebase\emulators\ui-v1.14.0\client\assets\provider-icons\auth_service_saml.svg
[debug] [2025-02-28T03:38:21.302Z] [unzip] Entry: client/assets/provider-icons/auth_service_phone.svg (compressed_size=261 bytes, uncompressed_size=414 bytes)
[debug] [2025-02-28T03:38:21.302Z] [unzip] Processing entry: client\assets\provider-icons\auth_service_phone.svg
[debug] [2025-02-28T03:38:21.302Z] [unzip] else mkdir: C:\Users\rampr\.cache\firebase\emulators\ui-v1.14.0\client\assets\provider-icons
[debug] [2025-02-28T03:38:21.302Z] [unzip] deflating: C:\Users\rampr\.cache\firebase\emulators\ui-v1.14.0\client\assets\provider-icons\auth_service_phone.svg
[debug] [2025-02-28T03:38:21.302Z] [unzip] Entry: client/assets/provider-icons/auth_service_facebook.svg (compressed_size=289 bytes, uncompressed_size=457 bytes)
[debug] [2025-02-28T03:38:21.302Z] [unzip] Processing entry: client\assets\provider-icons\auth_service_facebook.svg
[debug] [2025-02-28T03:38:21.302Z] [unzip] else mkdir: C:\Users\rampr\.cache\firebase\emulators\ui-v1.14.0\client\assets\provider-icons
[debug] [2025-02-28T03:38:21.302Z] [unzip] deflating: C:\Users\rampr\.cache\firebase\emulators\ui-v1.14.0\client\assets\provider-icons\auth_service_facebook.svg
[debug] [2025-02-28T03:38:21.303Z] [unzip] Entry: client/assets/provider-icons/auth_service_game_center.svg (compressed_size=991 bytes, uncompressed_size=3921 bytes)
[debug] [2025-02-28T03:38:21.303Z] [unzip] Processing entry: client\assets\provider-icons\auth_service_game_center.svg
[debug] [2025-02-28T03:38:21.303Z] [unzip] else mkdir: C:\Users\rampr\.cache\firebase\emulators\ui-v1.14.0\client\assets\provider-icons
[debug] [2025-02-28T03:38:21.303Z] [unzip] deflating: C:\Users\rampr\.cache\firebase\emulators\ui-v1.14.0\client\assets\provider-icons\auth_service_game_center.svg
[debug] [2025-02-28T03:38:21.303Z] [unzip] Entry: client/assets/provider-icons/auth_service_apple.svg (compressed_size=230 bytes, uncompressed_size=334 bytes)
[debug] [2025-02-28T03:38:21.304Z] [unzip] Processing entry: client\assets\provider-icons\auth_service_apple.svg
[debug] [2025-02-28T03:38:21.304Z] [unzip] else mkdir: C:\Users\rampr\.cache\firebase\emulators\ui-v1.14.0\client\assets\provider-icons
[debug] [2025-02-28T03:38:21.304Z] [unzip] deflating: C:\Users\rampr\.cache\firebase\emulators\ui-v1.14.0\client\assets\provider-icons\auth_service_apple.svg
[debug] [2025-02-28T03:38:21.304Z] [unzip] Entry: client/assets/provider-icons/auth_service_github.svg (compressed_size=466 bytes, uncompressed_size=838 bytes)
[debug] [2025-02-28T03:38:21.304Z] [unzip] Processing entry: client\assets\provider-icons\auth_service_github.svg
[debug] [2025-02-28T03:38:21.304Z] [unzip] else mkdir: C:\Users\rampr\.cache\firebase\emulators\ui-v1.14.0\client\assets\provider-icons
[debug] [2025-02-28T03:38:21.304Z] [unzip] deflating: C:\Users\rampr\.cache\firebase\emulators\ui-v1.14.0\client\assets\provider-icons\auth_service_github.svg
[debug] [2025-02-28T03:38:21.305Z] [unzip] Entry: client/assets/provider-icons/auth_service_mslive.svg (compressed_size=203 bytes, uncompressed_size=378 bytes)
[debug] [2025-02-28T03:38:21.305Z] [unzip] Processing entry: client\assets\provider-icons\auth_service_mslive.svg
[debug] [2025-02-28T03:38:21.305Z] [unzip] else mkdir: C:\Users\rampr\.cache\firebase\emulators\ui-v1.14.0\client\assets\provider-icons
[debug] [2025-02-28T03:38:21.305Z] [unzip] deflating: C:\Users\rampr\.cache\firebase\emulators\ui-v1.14.0\client\assets\provider-icons\auth_service_mslive.svg
[debug] [2025-02-28T03:38:21.305Z] [unzip] Entry: client/assets/provider-icons/auth_service_yahoo.svg (compressed_size=577 bytes, uncompressed_size=1182 bytes)
[debug] [2025-02-28T03:38:21.305Z] [unzip] Processing entry: client\assets\provider-icons\auth_service_yahoo.svg
[debug] [2025-02-28T03:38:21.305Z] [unzip] else mkdir: C:\Users\rampr\.cache\firebase\emulators\ui-v1.14.0\client\assets\provider-icons
[debug] [2025-02-28T03:38:21.305Z] [unzip] deflating: C:\Users\rampr\.cache\firebase\emulators\ui-v1.14.0\client\assets\provider-icons\auth_service_yahoo.svg
[debug] [2025-02-28T03:38:21.306Z] [unzip] Entry: client/assets/provider-icons/auth_service_twitter.svg (compressed_size=444 bytes, uncompressed_size=751 bytes)
[debug] [2025-02-28T03:38:21.306Z] [unzip] Processing entry: client\assets\provider-icons\auth_service_twitter.svg
[debug] [2025-02-28T03:38:21.306Z] [unzip] else mkdir: C:\Users\rampr\.cache\firebase\emulators\ui-v1.14.0\client\assets\provider-icons
[debug] [2025-02-28T03:38:21.306Z] [unzip] deflating: C:\Users\rampr\.cache\firebase\emulators\ui-v1.14.0\client\assets\provider-icons\auth_service_twitter.svg
[debug] [2025-02-28T03:38:21.306Z] [unzip] Entry: client/assets/provider-icons/auth_service_play_games.svg (compressed_size=565 bytes, uncompressed_size=1173 bytes)
[debug] [2025-02-28T03:38:21.307Z] [unzip] Processing entry: client\assets\provider-icons\auth_service_play_games.svg
[debug] [2025-02-28T03:38:21.307Z] [unzip] else mkdir: C:\Users\rampr\.cache\firebase\emulators\ui-v1.14.0\client\assets\provider-icons
[debug] [2025-02-28T03:38:21.307Z] [unzip] deflating: C:\Users\rampr\.cache\firebase\emulators\ui-v1.14.0\client\assets\provider-icons\auth_service_play_games.svg
[debug] [2025-02-28T03:38:21.307Z] [unzip] Entry: client/assets/provider-icons/auth_service_email.svg (compressed_size=228 bytes, uncompressed_size=326 bytes)
[debug] [2025-02-28T03:38:21.307Z] [unzip] Processing entry: client\assets\provider-icons\auth_service_email.svg
[debug] [2025-02-28T03:38:21.307Z] [unzip] else mkdir: C:\Users\rampr\.cache\firebase\emulators\ui-v1.14.0\client\assets\provider-icons
[debug] [2025-02-28T03:38:21.307Z] [unzip] deflating: C:\Users\rampr\.cache\firebase\emulators\ui-v1.14.0\client\assets\provider-icons\auth_service_email.svg
[debug] [2025-02-28T03:38:21.307Z] [unzip] Entry: client/assets/provider-icons/auth_service_google.svg (compressed_size=409 bytes, uncompressed_size=720 bytes)
[debug] [2025-02-28T03:38:21.308Z] [unzip] Processing entry: client\assets\provider-icons\auth_service_google.svg
[debug] [2025-02-28T03:38:21.308Z] [unzip] else mkdir: C:\Users\rampr\.cache\firebase\emulators\ui-v1.14.0\client\assets\provider-icons
[debug] [2025-02-28T03:38:21.308Z] [unzip] deflating: C:\Users\rampr\.cache\firebase\emulators\ui-v1.14.0\client\assets\provider-icons\auth_service_google.svg
[debug] [2025-02-28T03:38:21.308Z] [unzip] Entry: client/assets/provider-icons/auth_service_oidc.svg (compressed_size=414 bytes, uncompressed_size=858 bytes)
[debug] [2025-02-28T03:38:21.308Z] [unzip] Processing entry: client\assets\provider-icons\auth_service_oidc.svg
[debug] [2025-02-28T03:38:21.308Z] [unzip] else mkdir: C:\Users\rampr\.cache\firebase\emulators\ui-v1.14.0\client\assets\provider-icons
[debug] [2025-02-28T03:38:21.308Z] [unzip] deflating: C:\Users\rampr\.cache\firebase\emulators\ui-v1.14.0\client\assets\provider-icons\auth_service_oidc.svg
[debug] [2025-02-28T03:38:21.309Z] [unzip] Entry: client/browserconfig.xml (compressed_size=491 bytes, uncompressed_size=822 bytes)
[debug] [2025-02-28T03:38:21.309Z] [unzip] Processing entry: client\browserconfig.xml
[debug] [2025-02-28T03:38:21.309Z] [unzip] else mkdir: C:\Users\rampr\.cache\firebase\emulators\ui-v1.14.0\client
[debug] [2025-02-28T03:38:21.309Z] [unzip] deflating: C:\Users\rampr\.cache\firebase\emulators\ui-v1.14.0\client\browserconfig.xml
[debug] [2025-02-28T03:38:21.309Z] [unzip] Entry: client/favicon-32x32.png (compressed_size=475 bytes, uncompressed_size=475 bytes)
[debug] [2025-02-28T03:38:21.309Z] [unzip] Processing entry: client\favicon-32x32.png
[debug] [2025-02-28T03:38:21.309Z] [unzip] else mkdir: C:\Users\rampr\.cache\firebase\emulators\ui-v1.14.0\client
[debug] [2025-02-28T03:38:21.309Z] [unzip] Writing file: C:\Users\rampr\.cache\firebase\emulators\ui-v1.14.0\client\favicon-32x32.png
[debug] [2025-02-28T03:38:21.310Z] [unzip] Entry: server/ (compressed_size=0 bytes, uncompressed_size=0 bytes)
[debug] [2025-02-28T03:38:21.310Z] [unzip] Processing entry: server\
[debug] [2025-02-28T03:38:21.310Z] [unzip] mkdir: C:\Users\rampr\.cache\firebase\emulators\ui-v1.14.0\server\
[debug] [2025-02-28T03:38:21.310Z] [unzip] Entry: server/server.mjs.map (compressed_size=296496 bytes, uncompressed_size=1355667 bytes)
[debug] [2025-02-28T03:38:21.310Z] [unzip] Processing entry: server\server.mjs.map
[debug] [2025-02-28T03:38:21.310Z] [unzip] else mkdir: C:\Users\rampr\.cache\firebase\emulators\ui-v1.14.0\server
[debug] [2025-02-28T03:38:21.310Z] [unzip] deflating: C:\Users\rampr\.cache\firebase\emulators\ui-v1.14.0\server\server.mjs.map
[debug] [2025-02-28T03:38:21.314Z] [unzip] Entry: server/server.mjs (compressed_size=315701 bytes, uncompressed_size=1172682 bytes)
[debug] [2025-02-28T03:38:21.314Z] [unzip] Processing entry: server\server.mjs
[debug] [2025-02-28T03:38:21.314Z] [unzip] else mkdir: C:\Users\rampr\.cache\firebase\emulators\ui-v1.14.0\server
[debug] [2025-02-28T03:38:21.314Z] [unzip] deflating: C:\Users\rampr\.cache\firebase\emulators\ui-v1.14.0\server\server.mjs
[debug] [2025-02-28T03:38:21.318Z] [unzip] Entry: server/assets/ (compressed_size=0 bytes, uncompressed_size=0 bytes)
[debug] [2025-02-28T03:38:21.318Z] [unzip] Processing entry: server\assets\
[debug] [2025-02-28T03:38:21.318Z] [unzip] mkdir: C:\Users\rampr\.cache\firebase\emulators\ui-v1.14.0\server\assets\
[debug] [2025-02-28T03:38:21.318Z] [unzip] Entry: server/assets/multipart-parser-DGCUZdXu.mjs.map (compressed_size=4791 bytes, uncompressed_size=17918 bytes)
[debug] [2025-02-28T03:38:21.318Z] [unzip] Processing entry: server\assets\multipart-parser-DGCUZdXu.mjs.map
[debug] [2025-02-28T03:38:21.318Z] [unzip] else mkdir: C:\Users\rampr\.cache\firebase\emulators\ui-v1.14.0\server\assets
[debug] [2025-02-28T03:38:21.318Z] [unzip] deflating: C:\Users\rampr\.cache\firebase\emulators\ui-v1.14.0\server\assets\multipart-parser-DGCUZdXu.mjs.map
[debug] [2025-02-28T03:38:21.319Z] [unzip] Entry: server/assets/multipart-parser-DGCUZdXu.mjs (compressed_size=2621 bytes, uncompressed_size=10390 bytes)
[debug] [2025-02-28T03:38:21.319Z] [unzip] Processing entry: server\assets\multipart-parser-DGCUZdXu.mjs
[debug] [2025-02-28T03:38:21.319Z] [unzip] else mkdir: C:\Users\rampr\.cache\firebase\emulators\ui-v1.14.0\server\assets
[debug] [2025-02-28T03:38:21.319Z] [unzip] deflating: C:\Users\rampr\.cache\firebase\emulators\ui-v1.14.0\server\assets\multipart-parser-DGCUZdXu.mjs
[debug] [2025-02-28T03:38:21.324Z] Could not find VSCode notification endpoint: FetchError: request to http://localhost:40001/vscode/notify failed, reason: . If you are not running the Firebase Data Connect VSCode extension, this is expected and not an issue.
[info] 
┌─────────────────────────────────────────────────────────────┐
│ ✔  All emulators ready! It is now safe to connect your app. │
│ i  View Emulator UI at http://127.0.0.1:4000/               │
└─────────────────────────────────────────────────────────────┘

┌───────────┬────────────────┬─────────────────────────────────┐
│ Emulator  │ Host:Port      │ View in Emulator UI             │
├───────────┼────────────────┼─────────────────────────────────┤
│ Firestore │ 127.0.0.1:8080 │ http://127.0.0.1:4000/firestore │
└───────────┴────────────────┴─────────────────────────────────┘
  Emulator Hub host: 127.0.0.1 port: 4400
  Other reserved ports: 4500, 9150

Issues? Report them at https://github.com/firebase/firebase-tools/issues and attach the *-debug.log files.
 
[debug] [2025-02-28T03:38:29.085Z] Feb 28, 2025 9:08:29 AM com.google.cloud.datastore.emulator.firestore.websocket.WebSocketChannelHandler initChannel
INFO: Connected to new websocket client
 {"metadata":{"emulator":{"name":"firestore"},"message":"Feb 28, 2025 9:08:29 AM com.google.cloud.datastore.emulator.firestore.websocket.WebSocketChannelHandler initChannel\r\nINFO: Connected to new websocket client\r\n"}}
[debug] [2025-02-28T03:38:29.088Z] Feb 28, 2025 9:08:29 AM io.gapi.emulators.netty.HttpVersionRoutingHandler channelRead
INFO: Detected non-HTTP/2 connection.
 {"metadata":{"emulator":{"name":"firestore"},"message":"Feb 28, 2025 9:08:29 AM io.gapi.emulators.netty.HttpVersionRoutingHandler channelRead\r\nINFO: Detected non-HTTP/2 connection.\r\n"}}
[debug] [2025-02-28T03:38:29.178Z] Feb 28, 2025 9:08:29 AM io.gapi.emulators.netty.HttpVersionRoutingHandler channelRead
INFO: Detected HTTP/2 connection.
 {"metadata":{"emulator":{"name":"firestore"},"message":"Feb 28, 2025 9:08:29 AM io.gapi.emulators.netty.HttpVersionRoutingHandler channelRead\r\nINFO: Detected HTTP/2 connection.\r\n"}}
[debug] [2025-02-28T03:38:34.910Z] Feb 28, 2025 9:08:34 AM com.google.cloud.datastore.emulator.firestore.websocket.WebSocketChannelHandler channelClosed
INFO: Websocket client disconnected
 {"metadata":{"emulator":{"name":"firestore"},"message":"Feb 28, 2025 9:08:34 AM com.google.cloud.datastore.emulator.firestore.websocket.WebSocketChannelHandler channelClosed\r\nINFO: Websocket client disconnected\r\n"}}
